Chart_1
Chart_10
Chart_11
Chart_12
Chart_13
Chart_15
Chart_16
Chart_17
Chart_20
Chart_24
Chart_3
Chart_4
Chart_5
Chart_6
Chart_7
Chart_8
Chart_9
Cli_10
Cli_11
Cli_12
Cli_13
Cli_15
Cli_16
Cli_17
Cli_18
Cli_19
Cli_2
Cli_20
Cli_24
Cli_25
Cli_27
Cli_28
Cli_29
Cli_3
Cli_32
Cli_33
Cli_34
Cli_35
Cli_37
Cli_38
Cli_39
Cli_4
Cli_40
Cli_5
Cli_8
Cli_9
Closure_1
Closure_10
Closure_101
Closure_102
Closure_104
Closure_106
Closure_107
Closure_109
Closure_11
Closure_113
Closure_114
Closure_115
Closure_118
Closure_119
Closure_120
Closure_121
Closure_123
Closure_124
Closure_125
Closure_126
Closure_128
Closure_129
Closure_13
Closure_130
Closure_131
Closure_132
Closure_133
Closure_136
Closure_14
Closure_146
Closure_15
Closure_150
Closure_151
Closure_152
Closure_159
Closure_16
Closure_161
Closure_166
Closure_168
Closure_17
Closure_18
Closure_19
Closure_2
Closure_20
Closure_21
Closure_22
Closure_23
Closure_24
Closure_25
Closure_27
Closure_30
Closure_31
Closure_33
Closure_35
Closure_36
Closure_38
Closure_4
Closure_40
Closure_42
Closure_44
Closure_46
Closure_48
Closure_5
Closure_52
Closure_56
Closure_57
Closure_58
Closure_59
Closure_61
Closure_62
Closure_64
Closure_65
Closure_66
Closure_67
Closure_69
Closure_7
Closure_70
Closure_71
Closure_73
Closure_74
Closure_77
Closure_78
Closure_81
Closure_83
Closure_86
Closure_87
Closure_88
Closure_91
Closure_92
Closure_94
Closure_95
Closure_96
Closure_97
Closure_98
Codec_1
Codec_10
Codec_15
Codec_17
Codec_18
Codec_2
Codec_3
Codec_4
Codec_5
Codec_7
Codec_8
Codec_9
Compress_12
Compress_14
Compress_15
Compress_16
Compress_17
Compress_18
Compress_19
Compress_21
Compress_23
Compress_24
Compress_25
Compress_26
Compress_27
Compress_28
Compress_30
Compress_31
Compress_32
Compress_33
Compress_35
Compress_37
Compress_38
Compress_41
Compress_45
Compress_5
Compress_6
Compress_7
Compress_8
Compress_9
Csv_1
Csv_11
Csv_13
Csv_14
Csv_15
Csv_16
Csv_2
Csv_3
Csv_4
Csv_5
Csv_6
Csv_7
Csv_8
Csv_9
Gson_10
Gson_11
Gson_12
Gson_13
Gson_15
Gson_16
Gson_18
Gson_5
Gson_6
JacksonCore_11
JacksonCore_12
JacksonCore_15
JacksonCore_20
JacksonCore_25
JacksonCore_26
JacksonCore_4
JacksonCore_5
JacksonCore_6
JacksonCore_7
JacksonCore_8
JacksonDatabind_1
JacksonDatabind_100
JacksonDatabind_101
JacksonDatabind_102
JacksonDatabind_105
JacksonDatabind_107
JacksonDatabind_11
JacksonDatabind_110
JacksonDatabind_112
JacksonDatabind_12
JacksonDatabind_14
JacksonDatabind_16
JacksonDatabind_17
JacksonDatabind_19
JacksonDatabind_24
JacksonDatabind_27
JacksonDatabind_28
JacksonDatabind_33
JacksonDatabind_34
JacksonDatabind_35
JacksonDatabind_36
JacksonDatabind_37
JacksonDatabind_39
JacksonDatabind_42
JacksonDatabind_43
JacksonDatabind_44
JacksonDatabind_45
JacksonDatabind_46
JacksonDatabind_47
JacksonDatabind_49
JacksonDatabind_5
JacksonDatabind_51
JacksonDatabind_52
JacksonDatabind_55
JacksonDatabind_56
JacksonDatabind_57
JacksonDatabind_58
JacksonDatabind_59
JacksonDatabind_60
JacksonDatabind_62
JacksonDatabind_63
JacksonDatabind_64
JacksonDatabind_66
JacksonDatabind_67
JacksonDatabind_7
JacksonDatabind_70
JacksonDatabind_71
JacksonDatabind_72
JacksonDatabind_74
JacksonDatabind_76
JacksonDatabind_77
JacksonDatabind_78
JacksonDatabind_82
JacksonDatabind_83
JacksonDatabind_85
JacksonDatabind_88
JacksonDatabind_9
JacksonDatabind_90
JacksonDatabind_91
JacksonDatabind_93
JacksonDatabind_94
JacksonDatabind_96
JacksonDatabind_97
JacksonDatabind_98
JacksonDatabind_99
JacksonXml_3
JacksonXml_4
JacksonXml_5
Jsoup_10
Jsoup_12
Jsoup_13
Jsoup_14
Jsoup_15
Jsoup_18
Jsoup_19
Jsoup_2
Jsoup_20
Jsoup_23
Jsoup_24
Jsoup_26
Jsoup_27
Jsoup_29
Jsoup_32
Jsoup_33
Jsoup_34
Jsoup_35
Jsoup_37
Jsoup_38
Jsoup_39
Jsoup_4
Jsoup_40
Jsoup_41
Jsoup_43
Jsoup_45
Jsoup_46
Jsoup_47
Jsoup_48
Jsoup_49
Jsoup_5
Jsoup_51
Jsoup_53
Jsoup_54
Jsoup_55
Jsoup_57
Jsoup_6
Jsoup_60
Jsoup_61
Jsoup_62
Jsoup_64
Jsoup_66
Jsoup_67
Jsoup_68
Jsoup_7
Jsoup_70
Jsoup_71
Jsoup_72
Jsoup_74
Jsoup_75
Jsoup_76
Jsoup_77
Jsoup_78
Jsoup_80
Jsoup_81
Jsoup_82
Jsoup_84
Jsoup_85
Jsoup_86
Jsoup_88
Jsoup_90
Jsoup_93
JxPath_12
JxPath_15
JxPath_19
JxPath_20
JxPath_22
JxPath_5
JxPath_6
JxPath_8
JxPath_9
Jxpath_12
Jxpath_21
Lang_1
Lang_10
Lang_11
Lang_12
Lang_13
Lang_14
Lang_15
Lang_16
Lang_17
Lang_18
Lang_21
Lang_22
Lang_24
Lang_26
Lang_27
Lang_28
Lang_29
Lang_3
Lang_31
Lang_33
Lang_37
Lang_38
Lang_39
Lang_4
Lang_40
Lang_42
Lang_43
Lang_44
Lang_45
Lang_46
Lang_48
Lang_51
Lang_52
Lang_53
Lang_54
Lang_55
Lang_57
Lang_58
Lang_59
Lang_6
Lang_61
Lang_9
Math_10
Math_101
Math_102
Math_105
Math_106
Math_11
Math_15
Math_19
Math_2
Math_25
Math_27
Math_3
Math_30
Math_32
Math_33
Math_34
Math_39
Math_40
Math_41
Math_42
Math_43
Math_45
Math_48
Math_5
Math_50
Math_51
Math_52
Math_53
Math_54
Math_56
Math_57
Math_58
Math_59
Math_60
Math_61
Math_63
Math_65
Math_69
Math_70
Math_72
Math_73
Math_74
Math_75
Math_77
Math_79
Math_8
Math_80
Math_82
Math_85
Math_87
Math_88
Math_89
Math_91
Math_94
Math_95
Math_96
Math_97
Mockito_1
Mockito_10
Mockito_12
Mockito_13
Mockito_15
Mockito_16
Mockito_17
Mockito_18
Mockito_2
Mockito_22
Mockito_24
Mockito_25
Mockito_26
Mockito_27
Mockito_28
Mockito_29
Mockito_3
Mockito_30
Mockito_32
Mockito_33
Mockito_34
Mockito_38
Mockito_5
Mockito_7
Mockito_8
Time_10
Time_14
Time_15
Time_16
Time_17
Time_18
Time_19
Time_2
Time_20
Time_24
Time_25
Time_26
Time_27
Time_3
Time_4
Time_5
Time_7
Time_8
Time_9
