Chart_1
Chart_10
Chart_11
Chart_12
Chart_13
Chart_14
Chart_16
Chart_17
Chart_19
Chart_20
Chart_24
Chart_26
Chart_3
Chart_4
Chart_5
Chart_6
Chart_7
Chart_8
Chart_9
Cli_11
Cli_12
Cli_17
Cli_18
Cli_24
Cli_25
Cli_27
Cli_28
Cli_3
Cli_32
Cli_34
Cli_35
Cli_37
Cli_38
Cli_40
Cli_5
Cli_8
Cli_9
Closure_10
Closure_101
Closure_102
Closure_104
Closure_109
Closure_11
Closure_113
Closure_114
Closure_115
Closure_118
Closure_119
Closure_123
Closure_124
Closure_125
Closure_126
Closure_128
Closure_129
Closure_13
Closure_131
Closure_14
Closure_15
Closure_152
Closure_166
Closure_17
Closure_18
Closure_19
Closure_2
Closure_20
Closure_21
Closure_22
Closure_31
Closure_33
Closure_36
Closure_38
Closure_4
Closure_40
Closure_44
Closure_46
Closure_5
Closure_52
Closure_56
Closure_57
Closure_61
Closure_62
Closure_64
Closure_65
Closure_66
Closure_67
Closure_70
Closure_71
Closure_73
Closure_77
Closure_78
Closure_79
Closure_83
Closure_86
Closure_92
Closure_97
Codec_1
Codec_10
Codec_17
Codec_18
Codec_2
Codec_3
Codec_4
Codec_7
Codec_9
Compress_12
Compress_14
Compress_19
Compress_21
Compress_23
Compress_25
Compress_26
Compress_27
Compress_30
Compress_31
Compress_32
Compress_45
Compress_5
Compress_7
Csv_1
Csv_11
Csv_15
Csv_2
Csv_4
Csv_5
Csv_6
Csv_7
Csv_9
Gson_10
Gson_11
Gson_12
Gson_13
Gson_15
Gson_6
JacksonCore_12
JacksonCore_20
JacksonCore_25
JacksonCore_5
JacksonCore_6
JacksonCore_7
JacksonCore_8
JacksonDatabind_1
JacksonDatabind_100
JacksonDatabind_102
JacksonDatabind_112
JacksonDatabind_12
JacksonDatabind_16
JacksonDatabind_17
JacksonDatabind_19
JacksonDatabind_24
JacksonDatabind_27
JacksonDatabind_35
JacksonDatabind_45
JacksonDatabind_46
JacksonDatabind_49
JacksonDatabind_5
JacksonDatabind_57
JacksonDatabind_58
JacksonDatabind_71
JacksonDatabind_82
JacksonDatabind_83
JacksonDatabind_9
JacksonDatabind_90
JacksonDatabind_91
JacksonDatabind_93
JacksonDatabind_96
JacksonDatabind_97
JacksonDatabind_99
JacksonXml_3
JacksonXml_5
Jsoup_10
Jsoup_13
Jsoup_19
Jsoup_20
Jsoup_24
Jsoup_26
Jsoup_29
Jsoup_32
Jsoup_33
Jsoup_34
Jsoup_39
Jsoup_40
Jsoup_41
Jsoup_43
Jsoup_45
Jsoup_46
Jsoup_47
Jsoup_48
Jsoup_51
Jsoup_53
Jsoup_54
Jsoup_55
Jsoup_57
Jsoup_6
Jsoup_61
Jsoup_62
Jsoup_64
Jsoup_68
Jsoup_70
Jsoup_72
Jsoup_77
Jsoup_80
Jsoup_85
Jsoup_86
Jsoup_88
Jsoup_90
Jsoup_93
JxPath_8
Jxpath_12
Jxpath_21
Lang_10
Lang_11
Lang_12
Lang_13
Lang_14
Lang_15
Lang_16
Lang_17
Lang_18
Lang_21
Lang_22
Lang_24
Lang_26
Lang_27
Lang_28
Lang_29
Lang_3
Lang_31
Lang_33
Lang_34
Lang_38
Lang_39
Lang_40
Lang_42
Lang_43
Lang_44
Lang_45
Lang_46
Lang_47
Lang_51
Lang_52
Lang_54
Lang_55
Lang_57
Lang_58
Lang_59
Lang_6
Lang_60
Lang_61
Lang_63
Lang_7
Lang_9
Math_1
Math_10
Math_101
Math_102
Math_105
Math_106
Math_11
Math_15
Math_2
Math_22
Math_25
Math_27
Math_3
Math_30
Math_32
Math_33
Math_34
Math_35
Math_4
Math_41
Math_43
Math_45
Math_46
Math_48
Math_5
Math_50
Math_52
Math_53
Math_56
Math_57
Math_58
Math_59
Math_60
Math_61
Math_63
Math_65
Math_69
Math_70
Math_72
Math_73
Math_75
Math_77
Math_79
Math_8
Math_80
Math_81
Math_82
Math_84
Math_85
Math_87
Math_89
Math_91
Math_94
Math_95
Math_96
Math_97
Math_98
Mockito_12
Mockito_13
Mockito_2
Mockito_22
Mockito_24
Mockito_26
Mockito_29
Mockito_33
Mockito_34
Mockito_38
Mockito_5
Time_15
Time_16
Time_17
Time_19
Time_26
Time_27
Time_4
Time_7
Time_9