Chart_1
Chart_6
Chart_9
Chart_11
Chart_24
Math_5
Math_10
Math_11
Math_25
Math_30
Math_32
Math_41
Math_57
Math_60
Math_65
Math_73
Math_80
Math_82
Math_85
Math_87
Math_97
Math_101
Math_102
Lang_3
Lang_6
Lang_9
Lang_12
Lang_13
Lang_14
Lang_16
Lang_17
Lang_18
Lang_21
Lang_22
Lang_24
Lang_31
Lang_33
Lang_39
Lang_42
Lang_43
Lang_45
Lang_51
Lang_52
Lang_54
Lang_55
Lang_58
Lang_59
Lang_61
Cli_3
Cli_5
Cli_8
Cli_9
Cli_11
Cli_12
Cli_24
Cli_25
Cli_28
Cli_35
Cli_37
Cli_38
Cli_40
Closure_2
Closure_5
Closure_19
Closure_36
Closure_38
Closure_44
Closure_52
Closure_56
Closure_57
Closure_61
Closure_62
Closure_64
Closure_65
Closure_66
Closure_73
Closure_77
Closure_78
Closure_92
Closure_97
Closure_104
Closure_114
Closure_124
Closure_125
Closure_126
Closure_128
Closure_129
Closure_152
Closure_166
Codec_9
Codec_10
Codec_18
Mockito_5
Mockito_13
Mockito_24
Mockito_29
Mockito_33
Mockito_34
Jsoup_6
Jsoup_10
Jsoup_13
Jsoup_19
Jsoup_20
Jsoup_26
Jsoup_29
Jsoup_34
Jsoup_39
Jsoup_41
Jsoup_43
Jsoup_45
Jsoup_46
Jsoup_48
Jsoup_51
Jsoup_53
Jsoup_54
Jsoup_57
Jsoup_68
Jsoup_70
Jsoup_72
Jsoup_80
Jsoup_86
Jsoup_90
Jsoup_93
JacksonDatabind_5
JacksonDatabind_9
JacksonDatabind_12
JacksonDatabind_16
JacksonDatabind_17
JacksonDatabind_19
JacksonDatabind_24
JacksonDatabind_35
JacksonDatabind_45
JacksonDatabind_46
JacksonDatabind_49
JacksonDatabind_57
JacksonDatabind_58
JacksonDatabind_71
JacksonDatabind_83
JacksonDatabind_90
JacksonDatabind_91
JacksonDatabind_93
JacksonDatabind_96
JacksonDatabind_97
JacksonDatabind_99
JacksonDatabind_100
JacksonDatabind_102
JacksonDatabind_112
JacksonCore_5
JacksonCore_6
JacksonCore_7
JacksonCore_8
JacksonCore_20
JacksonCore_25
Compress_5
Compress_7
Compress_12
Compress_14
Compress_19
Compress_21
Compress_26
Compress_30
Compress_31
Compress_32
Compress_45
Time_7
Time_15
Time_19
Time_27
JacksonXml_3
Gson_10
Gson_12
Gson_15
Csv_2
Csv_5
Csv_6
Csv_7
Csv_9
Csv_11
Csv_15
JxPath_8
