Cli_1
Cli_2
Cli_3
Cli_4
Cli_5
Cli_7
Cli_8
Cli_9
Cli_10
Cli_11
Cli_12
Cli_13
Cli_14
Cli_15
Cli_16
Cli_17
Cli_18
Cli_19
Cli_20
Cli_21
Cli_22
Cli_23
Cli_24
Cli_25
Cli_26
Cli_27
Cli_28
Cli_29
Cli_30
Cli_31
Cli_32
Cli_33
Cli_34
Cli_35
Cli_36
Cli_37
Cli_38
Cli_39
Cli_40
Codec_1
Codec_2
Codec_3
Codec_4
Codec_5
Codec_6
Codec_7
Codec_8
Codec_9
Codec_10
Codec_11
Codec_12
Codec_13
Codec_14
Codec_15
Codec_16
Codec_17
Codec_18
Collections_25
Collections_26
Collections_27
Collections_28
Compress_1
Compress_2
Compress_3
Compress_4
Compress_5
Compress_6
Compress_7
Compress_8
Compress_9
Compress_10
Compress_11
Compress_12
Compress_13
Compress_14
Compress_15
Compress_16
Compress_17
Compress_18
Compress_19
Compress_20
Compress_21
Compress_22
Compress_23
Compress_24
Compress_25
Compress_26
Compress_27
Compress_28
Compress_29
Compress_30
Compress_31
Compress_32
Compress_33
Compress_34
Compress_35
Compress_36
Compress_37
Compress_38
Compress_39
Compress_40
Compress_41
Compress_42
Compress_43
Compress_44
Compress_45
Compress_46
Compress_47
Csv_1
Csv_2
Csv_3
Csv_4
Csv_5
Csv_6
Csv_7
Csv_8
Csv_9
Csv_10
Csv_11
Csv_12
Csv_13
Csv_14
Csv_15
Csv_16
Gson_6
JacksonCore_1
JacksonCore_2
JacksonCore_3
JacksonCore_4
JacksonCore_5
JacksonCore_6
JacksonCore_7
JacksonCore_8
JacksonCore_9
JacksonCore_10
JacksonCore_11
JacksonCore_12
JacksonCore_13
JacksonCore_14
JacksonCore_15
JacksonCore_16
JacksonCore_17
JacksonCore_18
JacksonCore_19
JacksonCore_20
JacksonCore_21
JacksonCore_22
JacksonCore_23
JacksonCore_24
JacksonCore_25
JacksonCore_26
JacksonDatabind_1
JacksonDatabind_2
JacksonDatabind_3
JacksonDatabind_4
JacksonDatabind_5
JacksonDatabind_6
JacksonDatabind_7
JacksonDatabind_8
JacksonDatabind_9
JacksonDatabind_10
JacksonDatabind_11
JacksonDatabind_12
JacksonDatabind_13
JacksonDatabind_14
JacksonDatabind_15
JacksonDatabind_16
JacksonDatabind_17
JacksonDatabind_18
JacksonDatabind_19
JacksonDatabind_20
JacksonDatabind_21
JacksonDatabind_22
JacksonDatabind_23
JacksonDatabind_24
JacksonDatabind_25
JacksonDatabind_26
JacksonDatabind_27
JacksonDatabind_28
JacksonDatabind_29
JacksonDatabind_30
JacksonDatabind_31
JacksonDatabind_32
JacksonDatabind_33
JacksonDatabind_34
JacksonDatabind_35
JacksonDatabind_36
JacksonDatabind_37
JacksonDatabind_38
JacksonDatabind_39
JacksonDatabind_40
JacksonDatabind_41
JacksonDatabind_42
JacksonDatabind_43
JacksonDatabind_44
JacksonDatabind_45
JacksonDatabind_46
JacksonDatabind_47
JacksonDatabind_48
JacksonDatabind_49
JacksonDatabind_50
JacksonDatabind_51
JacksonDatabind_52
JacksonDatabind_53
JacksonDatabind_54
JacksonDatabind_55
JacksonDatabind_56
JacksonDatabind_57
JacksonXml_1
JacksonXml_2
JacksonXml_3
JacksonXml_4
JacksonXml_5
JacksonXml_6
Jsoup_2
Jsoup_24
Jsoup_26
Jsoup_32
Jsoup_34
Jsoup_39
Jsoup_40
Jsoup_41
Jsoup_43
Jsoup_51
Jsoup_54
Jsoup_55
Jsoup_56
Jsoup_57
Jsoup_58
Jsoup_59
Jsoup_60
Jsoup_61
Jsoup_62
Jsoup_63
Jsoup_64
Jsoup_65
Jsoup_66
Jsoup_67
Jsoup_68
Jsoup_69
Jsoup_70
Jsoup_71
Jsoup_72
Jsoup_73
Jsoup_74
Jsoup_75
Jsoup_76
Jsoup_77
Jsoup_78
Jsoup_79
Jsoup_80
Jsoup_81
Jsoup_82
Jsoup_83
Jsoup_84
Jsoup_85
Jsoup_86
Jsoup_87
Jsoup_88
Jsoup_89
Jsoup_90
Jsoup_91
Jsoup_92
Jsoup_93
JxPath_1
JxPath_2
JxPath_3
JxPath_4
JxPath_5
JxPath_6
JxPath_7
JxPath_8
JxPath_9
JxPath_10
JxPath_11
JxPath_12
JxPath_13
JxPath_14
JxPath_15
JxPath_16
JxPath_17
JxPath_18
JxPath_19
JxPath_20
JxPath_21
JxPath_22
